<?xml version="1.0" encoding="UTF-8"?>
<!-- Generated by org.testng.reporters.JUnitReportReporter -->
<testsuite hostname="Ideas2IT" failures="0" tests="1" name="com.pos.testcases.CreateNewCutomer" time="36.411" errors="0" timestamp="2023-11-06T22:16:11 IST" skipped="0">
  <testcase classname="com.pos.testcases.CreateNewCutomer" name="runLogin" time="36.411"/>
  <system-out/>
</testsuite> <!-- com.pos.testcases.CreateNewCutomer -->
